<?xml version="1.0" encoding="UTF-8"?>
<!-- Generated by org.testng.reporters.JUnitReportReporter -->
<testsuite hostname="DESKTOP-MOTFTQU" failures="0" tests="5" name="testCases.TC003_LoginDDT" time="40.917" errors="0" timestamp="2026-04-14T22:38:49 IST" skipped="0">
  <testcase classname="testCases.TC003_LoginDDT" name="verify_loginDDT" time="11.395"/>
  <testcase classname="testCases.TC003_LoginDDT" name="verify_loginDDT" time="2.565"/>
  <testcase classname="testCases.TC003_LoginDDT" name="verify_loginDDT" time="11.608"/>
  <testcase classname="testCases.TC003_LoginDDT" name="verify_loginDDT" time="12.221"/>
  <testcase classname="testCases.TC003_LoginDDT" name="verify_loginDDT" time="3.128"/>
</testsuite> <!-- testCases.TC003_LoginDDT -->
